  main.cpp
C:\Users\nabee\Documents\C++\olc Game Engine RPG\UI.h(19,26): error C2061: syntax error: identifier 'Game'
C:\Users\nabee\Documents\C++\olc Game Engine RPG\UI.h(20,17): error C2061: syntax error: identifier 'Game'
C:\Users\nabee\Documents\C++\olc Game Engine RPG\Pages.h(21,26): error C2061: syntax error: identifier 'Game'
C:\Users\nabee\Documents\C++\olc Game Engine RPG\Pages.h(22,24): error C2061: syntax error: identifier 'Game'
C:\Users\nabee\Documents\C++\olc Game Engine RPG\Pages.h(32,18): error C2061: syntax error: identifier 'Game'
C:\Users\nabee\Documents\C++\olc Game Engine RPG\Pages.h(33,16): error C2061: syntax error: identifier 'Game'
C:\Users\nabee\Documents\C++\olc Game Engine RPG\Pages.h(39,18): error C2061: syntax error: identifier 'Game'
C:\Users\nabee\Documents\C++\olc Game Engine RPG\Pages.h(40,16): error C2061: syntax error: identifier 'Game'
C:\Users\nabee\Documents\C++\olc Game Engine RPG\Pages.h(52,18): error C2061: syntax error: identifier 'Game'
C:\Users\nabee\Documents\C++\olc Game Engine RPG\Pages.h(53,16): error C2061: syntax error: identifier 'Game'
C:\Users\nabee\Documents\C++\olc Game Engine RPG\Pages.h(63,18): error C2061: syntax error: identifier 'Game'
C:\Users\nabee\Documents\C++\olc Game Engine RPG\Pages.h(64,16): error C2061: syntax error: identifier 'Game'
C:\Users\nabee\Documents\C++\olc Game Engine RPG\Pages.h(70,18): error C2061: syntax error: identifier 'Game'
  Game.cpp
C:\Users\nabee\Documents\C++\olc Game Engine RPG\Pages.h(71,16): error C2061: syntax error: identifier 'Game'
C:\Users\nabee\Documents\C++\olc Game Engine RPG\UI.h(19,26): error C2061: syntax error: identifier 'Game'
C:\Users\nabee\Documents\C++\olc Game Engine RPG\UI.h(20,17): error C2061: syntax error: identifier 'Game'
C:\Users\nabee\Documents\C++\olc Game Engine RPG\Pages.h(21,26): error C2061: syntax error: identifier 'Game'
C:\Users\nabee\Documents\C++\olc Game Engine RPG\Pages.h(22,24): error C2061: syntax error: identifier 'Game'
C:\Users\nabee\Documents\C++\olc Game Engine RPG\Pages.h(32,18): error C2061: syntax error: identifier 'Game'
C:\Users\nabee\Documents\C++\olc Game Engine RPG\Pages.h(33,16): error C2061: syntax error: identifier 'Game'
C:\Users\nabee\Documents\C++\olc Game Engine RPG\Pages.h(39,18): error C2061: syntax error: identifier 'Game'
C:\Users\nabee\Documents\C++\olc Game Engine RPG\Pages.h(40,16): error C2061: syntax error: identifier 'Game'
C:\Users\nabee\Documents\C++\olc Game Engine RPG\Pages.h(52,18): error C2061: syntax error: identifier 'Game'
C:\Users\nabee\Documents\C++\olc Game Engine RPG\Pages.h(53,16): error C2061: syntax error: identifier 'Game'
C:\Users\nabee\Documents\C++\olc Game Engine RPG\Pages.h(63,18): error C2061: syntax error: identifier 'Game'
C:\Users\nabee\Documents\C++\olc Game Engine RPG\Pages.h(64,16): error C2061: syntax error: identifier 'Game'
C:\Users\nabee\Documents\C++\olc Game Engine RPG\Pages.h(70,18): error C2061: syntax error: identifier 'Game'
C:\Users\nabee\Documents\C++\olc Game Engine RPG\Pages.h(71,16): error C2061: syntax error: identifier 'Game'
C:\Users\nabee\Documents\C++\olc Game Engine RPG\Game.cpp(39,49): error C2660: 'PageState::update': function does not take 3 arguments
  Gui.cpp
C:\Users\nabee\Documents\C++\olc Game Engine RPG\Pages.h(21,15): message : see declaration of 'PageState::update'
C:\Users\nabee\Documents\C++\olc Game Engine RPG\UI.h(19,26): error C2061: syntax error: identifier 'Game'
C:\Users\nabee\Documents\C++\olc Game Engine RPG\UI.h(20,17): error C2061: syntax error: identifier 'Game'
C:\Users\nabee\Documents\C++\olc Game Engine RPG\Pages.h(21,26): error C2061: syntax error: identifier 'Game'
C:\Users\nabee\Documents\C++\olc Game Engine RPG\Pages.h(22,24): error C2061: syntax error: identifier 'Game'
C:\Users\nabee\Documents\C++\olc Game Engine RPG\Pages.h(32,18): error C2061: syntax error: identifier 'Game'
C:\Users\nabee\Documents\C++\olc Game Engine RPG\Pages.h(33,16): error C2061: syntax error: identifier 'Game'
C:\Users\nabee\Documents\C++\olc Game Engine RPG\Pages.h(39,18): error C2061: syntax error: identifier 'Game'
C:\Users\nabee\Documents\C++\olc Game Engine RPG\Pages.h(40,16): error C2061: syntax error: identifier 'Game'
C:\Users\nabee\Documents\C++\olc Game Engine RPG\Pages.h(52,18): error C2061: syntax error: identifier 'Game'
C:\Users\nabee\Documents\C++\olc Game Engine RPG\Pages.h(53,16): error C2061: syntax error: identifier 'Game'
C:\Users\nabee\Documents\C++\olc Game Engine RPG\Pages.h(63,18): error C2061: syntax error: identifier 'Game'
C:\Users\nabee\Documents\C++\olc Game Engine RPG\Pages.h(64,16): error C2061: syntax error: identifier 'Game'
C:\Users\nabee\Documents\C++\olc Game Engine RPG\Pages.h(70,18): error C2061: syntax error: identifier 'Game'
C:\Users\nabee\Documents\C++\olc Game Engine RPG\Pages.h(71,16): error C2061: syntax error: identifier 'Game'
C:\Users\nabee\Documents\C++\olc Game Engine RPG\Gui.cpp(17,56): warning C4244: 'argument': conversion from 'float' to 'int32_t', possible loss of data
C:\Users\nabee\Documents\C++\olc Game Engine RPG\Gui.cpp(17,34): warning C4244: 'argument': conversion from 'float' to 'int32_t', possible loss of data
C:\Users\nabee\Documents\C++\olc Game Engine RPG\Gui.cpp(26,56): warning C4244: 'argument': conversion from 'float' to 'int32_t', possible loss of data
C:\Users\nabee\Documents\C++\olc Game Engine RPG\Gui.cpp(26,34): warning C4244: 'argument': conversion from 'float' to 'int32_t', possible loss of data
C:\Users\nabee\Documents\C++\olc Game Engine RPG\Gui.cpp(52,13): warning C4244: 'initializing': conversion from 'float' to 'int', possible loss of data
  Pages.cpp
C:\Users\nabee\Documents\C++\olc Game Engine RPG\Gui.cpp(71,13): warning C4244: 'initializing': conversion from 'float' to 'int', possible loss of data
C:\Users\nabee\Documents\C++\olc Game Engine RPG\Pages.cpp(82,81): warning C4244: 'argument': conversion from 'double' to 'int32_t', possible loss of data
C:\Users\nabee\Documents\C++\olc Game Engine RPG\Pages.cpp(82,40): warning C4244: 'argument': conversion from 'double' to 'int32_t', possible loss of data
C:\Users\nabee\Documents\C++\olc Game Engine RPG\Pages.cpp(96,57): warning C4244: 'argument': conversion from 'float' to 'int32_t', possible loss of data
  UI.cpp
C:\Users\nabee\Documents\C++\olc Game Engine RPG\Pages.cpp(96,35): warning C4244: 'argument': conversion from 'float' to 'int32_t', possible loss of data
C:\Users\nabee\Documents\C++\olc Game Engine RPG\Pages.h(21,26): error C2061: syntax error: identifier 'Game'
C:\Users\nabee\Documents\C++\olc Game Engine RPG\Pages.h(22,24): error C2061: syntax error: identifier 'Game'
C:\Users\nabee\Documents\C++\olc Game Engine RPG\Pages.h(27,18): error C2653: 'UI': is not a class or namespace name
C:\Users\nabee\Documents\C++\olc Game Engine RPG\Pages.h(27,25): error C3646: 'button1': unknown override specifier
C:\Users\nabee\Documents\C++\olc Game Engine RPG\Pages.h(27,25): error C4430: missing type specifier - int assumed. Note: C++ does not support default-int
C:\Users\nabee\Documents\C++\olc Game Engine RPG\Pages.h(32,18): error C2061: syntax error: identifier 'Game'
C:\Users\nabee\Documents\C++\olc Game Engine RPG\Pages.h(33,16): error C2061: syntax error: identifier 'Game'
C:\Users\nabee\Documents\C++\olc Game Engine RPG\Pages.h(39,18): error C2061: syntax error: identifier 'Game'
C:\Users\nabee\Documents\C++\olc Game Engine RPG\Pages.h(40,16): error C2061: syntax error: identifier 'Game'
C:\Users\nabee\Documents\C++\olc Game Engine RPG\Pages.h(52,18): error C2061: syntax error: identifier 'Game'
C:\Users\nabee\Documents\C++\olc Game Engine RPG\Pages.h(53,16): error C2061: syntax error: identifier 'Game'
C:\Users\nabee\Documents\C++\olc Game Engine RPG\Pages.h(63,18): error C2061: syntax error: identifier 'Game'
C:\Users\nabee\Documents\C++\olc Game Engine RPG\Pages.h(64,16): error C2061: syntax error: identifier 'Game'
C:\Users\nabee\Documents\C++\olc Game Engine RPG\Pages.h(70,18): error C2061: syntax error: identifier 'Game'
  Startup.cpp
C:\Users\nabee\Documents\C++\olc Game Engine RPG\Pages.h(71,16): error C2061: syntax error: identifier 'Game'
C:\Users\nabee\Documents\C++\olc Game Engine RPG\UI.h(19,26): error C2061: syntax error: identifier 'Game'
C:\Users\nabee\Documents\C++\olc Game Engine RPG\UI.h(20,17): error C2061: syntax error: identifier 'Game'
C:\Users\nabee\Documents\C++\olc Game Engine RPG\Pages.h(21,26): error C2061: syntax error: identifier 'Game'
C:\Users\nabee\Documents\C++\olc Game Engine RPG\Pages.h(22,24): error C2061: syntax error: identifier 'Game'
C:\Users\nabee\Documents\C++\olc Game Engine RPG\Pages.h(32,18): error C2061: syntax error: identifier 'Game'
C:\Users\nabee\Documents\C++\olc Game Engine RPG\Pages.h(33,16): error C2061: syntax error: identifier 'Game'
C:\Users\nabee\Documents\C++\olc Game Engine RPG\Pages.h(39,18): error C2061: syntax error: identifier 'Game'
C:\Users\nabee\Documents\C++\olc Game Engine RPG\Pages.h(40,16): error C2061: syntax error: identifier 'Game'
C:\Users\nabee\Documents\C++\olc Game Engine RPG\Pages.h(52,18): error C2061: syntax error: identifier 'Game'
C:\Users\nabee\Documents\C++\olc Game Engine RPG\Pages.h(53,16): error C2061: syntax error: identifier 'Game'
C:\Users\nabee\Documents\C++\olc Game Engine RPG\Pages.h(63,18): error C2061: syntax error: identifier 'Game'
C:\Users\nabee\Documents\C++\olc Game Engine RPG\Pages.h(64,16): error C2061: syntax error: identifier 'Game'
C:\Users\nabee\Documents\C++\olc Game Engine RPG\Pages.h(70,18): error C2061: syntax error: identifier 'Game'
C:\Users\nabee\Documents\C++\olc Game Engine RPG\Pages.h(71,16): error C2061: syntax error: identifier 'Game'
C:\Users\nabee\Documents\C++\olc Game Engine RPG\Startup.cpp(16,99): warning C4244: 'argument': conversion from 'double' to 'int32_t', possible loss of data
C:\Users\nabee\Documents\C++\olc Game Engine RPG\Startup.cpp(16,49): warning C4244: 'argument': conversion from 'double' to 'int32_t', possible loss of data
C:\Users\nabee\Documents\C++\olc Game Engine RPG\Startup.cpp(21,99): warning C4244: 'argument': conversion from 'double' to 'int32_t', possible loss of data
C:\Users\nabee\Documents\C++\olc Game Engine RPG\Startup.cpp(21,49): warning C4244: 'argument': conversion from 'double' to 'int32_t', possible loss of data
C:\Users\nabee\Documents\C++\olc Game Engine RPG\Startup.cpp(58,99): warning C4244: 'argument': conversion from 'double' to 'int32_t', possible loss of data
C:\Users\nabee\Documents\C++\olc Game Engine RPG\Startup.cpp(58,49): warning C4244: 'argument': conversion from 'double' to 'int32_t', possible loss of data
C:\Users\nabee\Documents\C++\olc Game Engine RPG\Startup.cpp(65,100): warning C4244: 'argument': conversion from 'double' to 'int32_t', possible loss of data
C:\Users\nabee\Documents\C++\olc Game Engine RPG\Startup.cpp(65,49): warning C4244: 'argument': conversion from 'double' to 'int32_t', possible loss of data
C:\Users\nabee\Documents\C++\olc Game Engine RPG\Startup.cpp(69,99): warning C4244: 'argument': conversion from 'double' to 'int32_t', possible loss of data
C:\Users\nabee\Documents\C++\olc Game Engine RPG\Startup.cpp(69,49): warning C4244: 'argument': conversion from 'double' to 'int32_t', possible loss of data
